<?xml version="1.0" encoding="UTF-8"?>
<testsuite xmlns:xsi="http://www.w3.org/2001/XMLSchema-instance" xsi:noNamespaceSchemaLocation="https://maven.apache.org/surefire/maven-surefire-plugin/xsd/surefire-test-report.xsd" name="com.miaoshademo.AppTest" time="0.023" tests="1" errors="0" skipped="0" failures="0">
  <properties>
    <property name="sun.desktop" value="windows"/>
    <property name="awt.toolkit" value="sun.awt.windows.WToolkit"/>
    <property name="file.encoding.pkg" value="sun.io"/>
    <property name="java.specification.version" value="1.8"/>
    <property name="sun.cpu.isalist" value="amd64"/>
    <property name="sun.jnu.encoding" value="GBK"/>
    <property name="java.class.path" value="D:\IdeaProjects\miaoshademo\miaoshademo-web\target\test-classes;D:\IdeaProjects\miaoshademo\miaoshademo-web\target\classes;D:\maven\LocalWare\org\springframework\boot\spring-boot-starter-web\1.4.0.RELEASE\spring-boot-starter-web-1.4.0.RELEASE.jar;D:\maven\LocalWare\org\springframework\boot\spring-boot-starter\1.4.0.RELEASE\spring-boot-starter-1.4.0.RELEASE.jar;D:\maven\LocalWare\org\springframework\boot\spring-boot\1.4.0.RELEASE\spring-boot-1.4.0.RELEASE.jar;D:\maven\LocalWare\org\springframework\boot\spring-boot-autoconfigure\1.4.0.RELEASE\spring-boot-autoconfigure-1.4.0.RELEASE.jar;D:\maven\LocalWare\org\springframework\boot\spring-boot-starter-logging\1.4.0.RELEASE\spring-boot-starter-logging-1.4.0.RELEASE.jar;D:\maven\LocalWare\ch\qos\logback\logback-classic\1.1.7\logback-classic-1.1.7.jar;D:\maven\LocalWare\ch\qos\logback\logback-core\1.1.7\logback-core-1.1.7.jar;D:\maven\LocalWare\org\slf4j\slf4j-api\1.7.21\slf4j-api-1.7.21.jar;D:\maven\LocalWare\org\slf4j\jcl-over-slf4j\1.7.21\jcl-over-slf4j-1.7.21.jar;D:\maven\LocalWare\org\slf4j\jul-to-slf4j\1.7.21\jul-to-slf4j-1.7.21.jar;D:\maven\LocalWare\org\slf4j\log4j-over-slf4j\1.7.21\log4j-over-slf4j-1.7.21.jar;D:\maven\LocalWare\org\springframework\spring-core\4.3.2.RELEASE\spring-core-4.3.2.RELEASE.jar;D:\maven\LocalWare\org\yaml\snakeyaml\1.17\snakeyaml-1.17.jar;D:\maven\LocalWare\org\springframework\boot\spring-boot-starter-tomcat\1.4.0.RELEASE\spring-boot-starter-tomcat-1.4.0.RELEASE.jar;D:\maven\LocalWare\org\apache\tomcat\embed\tomcat-embed-core\8.5.4\tomcat-embed-core-8.5.4.jar;D:\maven\LocalWare\org\apache\tomcat\embed\tomcat-embed-el\8.5.4\tomcat-embed-el-8.5.4.jar;D:\maven\LocalWare\org\apache\tomcat\embed\tomcat-embed-websocket\8.5.4\tomcat-embed-websocket-8.5.4.jar;D:\maven\LocalWare\org\hibernate\hibernate-validator\5.2.4.Final\hibernate-validator-5.2.4.Final.jar;D:\maven\LocalWare\javax\validation\validation-api\1.1.0.Final\validation-api-1.1.0.Final.jar;D:\maven\LocalWare\org\jboss\logging\jboss-logging\3.3.0.Final\jboss-logging-3.3.0.Final.jar;D:\maven\LocalWare\com\fasterxml\classmate\1.3.1\classmate-1.3.1.jar;D:\maven\LocalWare\com\fasterxml\jackson\core\jackson-databind\2.8.1\jackson-databind-2.8.1.jar;D:\maven\LocalWare\com\fasterxml\jackson\core\jackson-annotations\2.8.1\jackson-annotations-2.8.1.jar;D:\maven\LocalWare\com\fasterxml\jackson\core\jackson-core\2.8.1\jackson-core-2.8.1.jar;D:\maven\LocalWare\org\springframework\spring-web\4.3.2.RELEASE\spring-web-4.3.2.RELEASE.jar;D:\maven\LocalWare\org\springframework\spring-aop\4.3.2.RELEASE\spring-aop-4.3.2.RELEASE.jar;D:\maven\LocalWare\org\springframework\spring-beans\4.3.2.RELEASE\spring-beans-4.3.2.RELEASE.jar;D:\maven\LocalWare\org\springframework\spring-context\4.3.2.RELEASE\spring-context-4.3.2.RELEASE.jar;D:\maven\LocalWare\org\springframework\spring-webmvc\4.3.2.RELEASE\spring-webmvc-4.3.2.RELEASE.jar;D:\maven\LocalWare\org\springframework\spring-expression\4.3.2.RELEASE\spring-expression-4.3.2.RELEASE.jar;D:\maven\LocalWare\mysql\mysql-connector-java\8.0.13\mysql-connector-java-8.0.13.jar;D:\maven\LocalWare\com\google\protobuf\protobuf-java\3.6.1\protobuf-java-3.6.1.jar;D:\IdeaProjects\miaoshademo\miaoshademo-server\target\miaoshademo-server-1.0-SNAPSHOT.jar;D:\IdeaProjects\miaoshademo\miaoshademo-interface\target\miaoshademo-interface-1.0-SNAPSHOT.jar;D:\maven\LocalWare\junit\junit\4.11\junit-4.11.jar;D:\maven\LocalWare\org\hamcrest\hamcrest-core\1.3\hamcrest-core-1.3.jar;"/>
    <property name="java.vm.vendor" value="Oracle Corporation"/>
    <property name="sun.arch.data.model" value="64"/>
    <property name="user.variant" value=""/>
    <property name="java.vendor.url" value="http://java.oracle.com/"/>
    <property name="user.timezone" value="Asia/Shanghai"/>
    <property name="java.vm.specification.version" value="1.8"/>
    <property name="os.name" value="Windows 10"/>
    <property name="user.country" value="CN"/>
    <property name="sun.java.launcher" value="SUN_STANDARD"/>
    <property name="sun.boot.library.path" value="D:\Program Files\Java\jdk1.8.0_144\jre\bin"/>
    <property name="sun.java.command" value="C:\Users\DELL\AppData\Local\Temp\surefire4684141428432153063\surefirebooter2144781551856271546.jar C:\Users\DELL\AppData\Local\Temp\surefire4684141428432153063 2019-02-20T15-56-54_848-jvmRun1 surefire4396693884955247139tmp surefire_22872201645361116518tmp"/>
    <property name="surefire.test.class.path" value="D:\IdeaProjects\miaoshademo\miaoshademo-web\target\test-classes;D:\IdeaProjects\miaoshademo\miaoshademo-web\target\classes;D:\maven\LocalWare\org\springframework\boot\spring-boot-starter-web\1.4.0.RELEASE\spring-boot-starter-web-1.4.0.RELEASE.jar;D:\maven\LocalWare\org\springframework\boot\spring-boot-starter\1.4.0.RELEASE\spring-boot-starter-1.4.0.RELEASE.jar;D:\maven\LocalWare\org\springframework\boot\spring-boot\1.4.0.RELEASE\spring-boot-1.4.0.RELEASE.jar;D:\maven\LocalWare\org\springframework\boot\spring-boot-autoconfigure\1.4.0.RELEASE\spring-boot-autoconfigure-1.4.0.RELEASE.jar;D:\maven\LocalWare\org\springframework\boot\spring-boot-starter-logging\1.4.0.RELEASE\spring-boot-starter-logging-1.4.0.RELEASE.jar;D:\maven\LocalWare\ch\qos\logback\logback-classic\1.1.7\logback-classic-1.1.7.jar;D:\maven\LocalWare\ch\qos\logback\logback-core\1.1.7\logback-core-1.1.7.jar;D:\maven\LocalWare\org\slf4j\slf4j-api\1.7.21\slf4j-api-1.7.21.jar;D:\maven\LocalWare\org\slf4j\jcl-over-slf4j\1.7.21\jcl-over-slf4j-1.7.21.jar;D:\maven\LocalWare\org\slf4j\jul-to-slf4j\1.7.21\jul-to-slf4j-1.7.21.jar;D:\maven\LocalWare\org\slf4j\log4j-over-slf4j\1.7.21\log4j-over-slf4j-1.7.21.jar;D:\maven\LocalWare\org\springframework\spring-core\4.3.2.RELEASE\spring-core-4.3.2.RELEASE.jar;D:\maven\LocalWare\org\yaml\snakeyaml\1.17\snakeyaml-1.17.jar;D:\maven\LocalWare\org\springframework\boot\spring-boot-starter-tomcat\1.4.0.RELEASE\spring-boot-starter-tomcat-1.4.0.RELEASE.jar;D:\maven\LocalWare\org\apache\tomcat\embed\tomcat-embed-core\8.5.4\tomcat-embed-core-8.5.4.jar;D:\maven\LocalWare\org\apache\tomcat\embed\tomcat-embed-el\8.5.4\tomcat-embed-el-8.5.4.jar;D:\maven\LocalWare\org\apache\tomcat\embed\tomcat-embed-websocket\8.5.4\tomcat-embed-websocket-8.5.4.jar;D:\maven\LocalWare\org\hibernate\hibernate-validator\5.2.4.Final\hibernate-validator-5.2.4.Final.jar;D:\maven\LocalWare\javax\validation\validation-api\1.1.0.Final\validation-api-1.1.0.Final.jar;D:\maven\LocalWare\org\jboss\logging\jboss-logging\3.3.0.Final\jboss-logging-3.3.0.Final.jar;D:\maven\LocalWare\com\fasterxml\classmate\1.3.1\classmate-1.3.1.jar;D:\maven\LocalWare\com\fasterxml\jackson\core\jackson-databind\2.8.1\jackson-databind-2.8.1.jar;D:\maven\LocalWare\com\fasterxml\jackson\core\jackson-annotations\2.8.1\jackson-annotations-2.8.1.jar;D:\maven\LocalWare\com\fasterxml\jackson\core\jackson-core\2.8.1\jackson-core-2.8.1.jar;D:\maven\LocalWare\org\springframework\spring-web\4.3.2.RELEASE\spring-web-4.3.2.RELEASE.jar;D:\maven\LocalWare\org\springframework\spring-aop\4.3.2.RELEASE\spring-aop-4.3.2.RELEASE.jar;D:\maven\LocalWare\org\springframework\spring-beans\4.3.2.RELEASE\spring-beans-4.3.2.RELEASE.jar;D:\maven\LocalWare\org\springframework\spring-context\4.3.2.RELEASE\spring-context-4.3.2.RELEASE.jar;D:\maven\LocalWare\org\springframework\spring-webmvc\4.3.2.RELEASE\spring-webmvc-4.3.2.RELEASE.jar;D:\maven\LocalWare\org\springframework\spring-expression\4.3.2.RELEASE\spring-expression-4.3.2.RELEASE.jar;D:\maven\LocalWare\mysql\mysql-connector-java\8.0.13\mysql-connector-java-8.0.13.jar;D:\maven\LocalWare\com\google\protobuf\protobuf-java\3.6.1\protobuf-java-3.6.1.jar;D:\IdeaProjects\miaoshademo\miaoshademo-server\target\miaoshademo-server-1.0-SNAPSHOT.jar;D:\IdeaProjects\miaoshademo\miaoshademo-interface\target\miaoshademo-interface-1.0-SNAPSHOT.jar;D:\maven\LocalWare\junit\junit\4.11\junit-4.11.jar;D:\maven\LocalWare\org\hamcrest\hamcrest-core\1.3\hamcrest-core-1.3.jar;"/>
    <property name="sun.cpu.endian" value="little"/>
    <property name="user.home" value="C:\Users\DELL"/>
    <property name="user.language" value="zh"/>
    <property name="java.specification.vendor" value="Oracle Corporation"/>
    <property name="java.home" value="D:\Program Files\Java\jdk1.8.0_144\jre"/>
    <property name="basedir" value="D:\IdeaProjects\miaoshademo\miaoshademo-web"/>
    <property name="file.separator" value="\"/>
    <property name="line.separator" value="&#10;"/>
    <property name="java.vm.specification.vendor" value="Oracle Corporation"/>
    <property name="java.specification.name" value="Java Platform API Specification"/>
    <property name="java.awt.graphicsenv" value="sun.awt.Win32GraphicsEnvironment"/>
    <property name="surefire.real.class.path" value="C:\Users\DELL\AppData\Local\Temp\surefire4684141428432153063\surefirebooter2144781551856271546.jar"/>
    <property name="sun.boot.class.path" value="D:\Program Files\Java\jdk1.8.0_144\jre\lib\resources.jar;D:\Program Files\Java\jdk1.8.0_144\jre\lib\rt.jar;D:\Program Files\Java\jdk1.8.0_144\jre\lib\sunrsasign.jar;D:\Program Files\Java\jdk1.8.0_144\jre\lib\jsse.jar;D:\Program Files\Java\jdk1.8.0_144\jre\lib\jce.jar;D:\Program Files\Java\jdk1.8.0_144\jre\lib\charsets.jar;D:\Program Files\Java\jdk1.8.0_144\jre\lib\jfr.jar;D:\Program Files\Java\jdk1.8.0_144\jre\classes"/>
    <property name="user.script" value=""/>
    <property name="sun.management.compiler" value="HotSpot 64-Bit Tiered Compilers"/>
    <property name="java.runtime.version" value="1.8.0_144-b01"/>
    <property name="user.name" value="DELL"/>
    <property name="path.separator" value=";"/>
    <property name="os.version" value="10.0"/>
    <property name="java.endorsed.dirs" value="D:\Program Files\Java\jdk1.8.0_144\jre\lib\endorsed"/>
    <property name="java.runtime.name" value="Java(TM) SE Runtime Environment"/>
    <property name="file.encoding" value="GBK"/>
    <property name="java.vm.name" value="Java HotSpot(TM) 64-Bit Server VM"/>
    <property name="localRepository" value="D:\maven\LocalWare"/>
    <property name="java.vendor.url.bug" value="http://bugreport.sun.com/bugreport/"/>
    <property name="java.io.tmpdir" value="C:\Users\DELL\AppData\Local\Temp\"/>
    <property name="idea.version" value="2018.2.4"/>
    <property name="java.version" value="1.8.0_144"/>
    <property name="user.dir" value="D:\IdeaProjects\miaoshademo\miaoshademo-web"/>
    <property name="os.arch" value="amd64"/>
    <property name="java.vm.specification.name" value="Java Virtual Machine Specification"/>
    <property name="java.awt.printerjob" value="sun.awt.windows.WPrinterJob"/>
    <property name="sun.os.patch.level" value=""/>
    <property name="java.library.path" value="D:\Program Files\Java\jdk1.8.0_144\jre\bin;C:\Windows\Sun\Java\bin;C:\Windows\system32;C:\Windows;C:\ProgramData\Oracle\Java\javapath;C:\Program Files (x86)\Intel\Intel(R) Management Engine Components\iCLS\;C:\Program Files\Intel\Intel(R) Management Engine Components\iCLS\;C:\Windows\system32;C:\Windows;C:\Windows\System32\Wbem;C:\Windows\System32\WindowsPowerShell\v1.0\;C:\Windows\System32\OpenSSH\;C:\Program Files (x86)\Intel\Intel(R) Management Engine Components\DAL;C:\Program Files\Intel\Intel(R) Management Engine Components\DAL;C:\Program Files (x86)\NVIDIA Corporation\PhysX\Common;D:\Program Files\Java\jdk1.8.0_144\bin;D:\mysql\mysql-8.0.13-winx64\bin;D:\maven\apache-maven-3.6.0\bin;D:\zookeeper\zookeeper-3.4.13\bin;D:\zookeeper\zookeeper-3.4.13\conf;D:\Git\cmd;D:\tomcat\apache-tomcat-9.0.14\lib;D:\tomcat\apache-tomcat-9.0.14\bin;C:\Program Files\Intel\WiFi\bin\;C:\Program Files\Common Files\Intel\WirelessCommon\;C:\Users\DELL\AppData\Local\Microsoft\WindowsApps;."/>
    <property name="java.vm.info" value="mixed mode"/>
    <property name="java.vendor" value="Oracle Corporation"/>
    <property name="java.vm.version" value="25.144-b01"/>
    <property name="java.ext.dirs" value="D:\Program Files\Java\jdk1.8.0_144\jre\lib\ext;C:\Windows\Sun\Java\lib\ext"/>
    <property name="sun.io.unicode.encoding" value="UnicodeLittle"/>
    <property name="java.class.version" value="52.0"/>
  </properties>
  <testcase name="shouldAnswerWithTrue" classname="com.miaoshademo.AppTest" time="0"/>
</testsuite>